<?xml version="1.0" encoding="UTF-8"?>
<!-- Generated by org.testng.reporters.JUnitReportReporter -->
<testsuite hostname="cskpcloudwn3819" failures="0" tests="1" name="com.banking.testcases.TC01_LoginTest" time="7.299" errors="0" timestamp="07 Jan 2021 19:48:02 GMT" skipped="0">
  <testcase classname="com.banking.testcases.TC01_LoginTest" name="loginTest" time="7.299"/>
</testsuite> <!-- com.banking.testcases.TC01_LoginTest -->
